<?xml version="1.0" encoding="UTF-8"?>
<testng-results skipped="0" failed="0" total="1" passed="1">
  <reporter-output>
  </reporter-output>
  <suite name="Default suite" duration-ms="27488" started-at="2015-05-25T03:58:29Z" finished-at="2015-05-25T03:58:57Z">
    <groups>
    </groups>
    <test name="Default test" duration-ms="27488" started-at="2015-05-25T03:58:29Z" finished-at="2015-05-25T03:58:57Z">
      <class name="handling_authentication_window_popUp.HandlingAuthentication_PopUp">
        <test-method status="PASS" signature="testBasicAuth_Firefox()[pri:0, instance:handling_authentication_window_popUp.HandlingAuthentication_PopUp@c818063]" name="testBasicAuth_Firefox" duration-ms="27464" started-at="2015-05-25T09:28:29Z" finished-at="2015-05-25T09:28:57Z">
          <reporter-output>
          </reporter-output>
        </test-method> <!-- testBasicAuth_Firefox -->
      </class> <!-- handling_authentication_window_popUp.HandlingAuthentication_PopUp -->
    </test> <!-- Default test -->
  </suite> <!-- Default suite -->
</testng-results>
